<?xml version="1.0" encoding="UTF-8"?>
<!-- Generated by org.testng.reporters.JUnitXMLReporter -->
<testsuite ignored="2" hostname="LAPTOP-592MAVU8" failures="0" tests="3" name="LogInAnnotaion2Test" time="13.554" errors="0" timestamp="2022-10-13T20:28:12 IST">
  <testcase classname="com.test.Annotaition2" name="launchApp" time="6.2"/>
  <testcase classname="com.test.Annotaition2" name="EnterLoginInfo" time="0.949"/>
  <testcase classname="com.test.Annotaition2" name="verifylogin" time="2.996"/>
  <testcase classname="com.test.Annotaition2" name="NavigateToInfo" time="0.0">
    <ignored/>
  </testcase> <!-- NavigateToInfo -->
  <testcase classname="com.test.Annotaition2" name="VerifyMyInfo" time="0.0">
    <ignored/>
  </testcase> <!-- VerifyMyInfo -->
</testsuite> <!-- LogInAnnotaion2Test -->
