<?xml version="1.0" encoding="UTF-8"?>
<!-- Generated by org.testng.reporters.JUnitXMLReporter -->
<testsuite ignored="0" hostname="LAPTOP-592MAVU8" failures="0" tests="5" name="VerifymyInfoTest" time="10.06" errors="0" timestamp="2022-10-13T20:28:22 IST">
  <testcase classname="com.test.Annotaition2" name="launchApp" time="3.518"/>
  <testcase classname="com.test.Annotaition2" name="EnterLoginInfo" time="0.762"/>
  <testcase classname="com.test.Annotaition2" name="verifylogin" time="2.796"/>
  <testcase classname="com.test.Annotaition2" name="NavigateToInfo" time="1.274"/>
  <testcase classname="com.test.Annotaition2" name="VerifyMyInfo" time="0.052"/>
</testsuite> <!-- VerifymyInfoTest -->
