<?xml version="1.0" encoding="UTF-8"?>
<!-- Generated by org.testng.reporters.JUnitXMLReporter -->
<testsuite ignored="0" hostname="LAPTOP-592MAVU8" failures="0" tests="3" name="TestOrg" time="36.467" errors="0" timestamp="2022-10-08T15:17:46 IST">
  <testcase classname="com.test.OrangeHrmTest" name="LoginHrm" time="6.758"/>
  <testcase classname="com.test.OrangeHrmTest" name="verifyLogIN" time="22.683"/>
  <testcase classname="com.test.OrangeHrmTest" name="VerifyMysearch" time="7.021"/>
</testsuite> <!-- TestOrg -->
