<?xml version="1.0" encoding="UTF-8"?>
<!-- Generated by org.testng.reporters.JUnitXMLReporter -->
<testsuite ignored="0" hostname="LAPTOP-592MAVU8" failures="0" tests="4" name="EnableDisableTest2" time="0.027" errors="0" timestamp="2022-10-16T19:03:16 IST">
  <testcase classname="com.test.EnableDisableTest" name="@BeforeTest LaunchApp" time="0.002">
    <failure type="java.lang.NullPointerException" message="Cannot invoke &amp;quot;org.openqa.selenium.WebDriver.manage()&amp;quot; because &amp;quot;this.driver&amp;quot; is null">
      <![CDATA[java.lang.NullPointerException: Cannot invoke "org.openqa.selenium.WebDriver.manage()" because "this.driver" is null
at com.test.EnableDisableTest.LaunchApp(EnableDisableTest.java:77)
... Removed 24 stack frames]]>
    </failure>
  </testcase> <!-- @BeforeTest LaunchApp -->
  <testcase classname="com.test.EnableDisableTest" name="@AfterTest Teardown" time="0.0">
    <skipped/>
  </testcase> <!-- @AfterTest Teardown -->
  <testcase classname="com.test.EnableDisableTest" name="launchUrl" time="0.0">
    <skipped/>
  </testcase> <!-- launchUrl -->
  <testcase classname="com.test.EnableDisableTest" name="VerifyLogIn" time="0.0">
    <skipped/>
  </testcase> <!-- VerifyLogIn -->
  <testcase classname="com.test.EnableDisableTest" name="NavigateToInfo" time="0.0">
    <skipped/>
  </testcase> <!-- NavigateToInfo -->
  <testcase classname="com.test.EnableDisableTest" name="VerfyInfo" time="0.0">
    <skipped/>
  </testcase> <!-- VerfyInfo -->
</testsuite> <!-- EnableDisableTest2 -->
