<?xml version="1.0" encoding="UTF-8"?>
<!-- Generated by org.testng.reporters.JUnitXMLReporter -->
<testsuite ignored="2" hostname="LAPTOP-592MAVU8" failures="0" tests="3" name="ParameterTest1" time="17.947" errors="0" timestamp="2022-10-17T19:53:32 IST">
  <testcase classname="com.test.OptionalParameterAnnotaion2" name="launchApp" time="6.5"/>
  <testcase classname="com.test.OptionalParameterAnnotaion2" name="EnterLoginInfo" time="1.04"/>
  <testcase classname="com.test.OptionalParameterAnnotaion2" name="verifylogin" time="2.899"/>
  <testcase classname="com.test.OptionalParameterAnnotaion2" name="VerifyMyInfo" time="0.0">
    <ignored/>
  </testcase> <!-- VerifyMyInfo -->
  <testcase classname="com.test.OptionalParameterAnnotaion2" name="NavigateToInfo" time="0.0">
    <ignored/>
  </testcase> <!-- NavigateToInfo -->
</testsuite> <!-- ParameterTest1 -->
