<?xml version="1.0" encoding="UTF-8"?>
<!-- Generated by org.testng.reporters.JUnitXMLReporter -->
<testsuite ignored="0" hostname="LAPTOP-592MAVU8" failures="0" tests="5" name="ParameterTest2" time="17.19" errors="0" timestamp="2022-10-17T19:53:49 IST">
  <testcase classname="com.test.OptionalParameterAnnotaion2" name="launchApp" time="6.736"/>
  <testcase classname="com.test.OptionalParameterAnnotaion2" name="EnterLoginInfo" time="1.043"/>
  <testcase classname="com.test.OptionalParameterAnnotaion2" name="verifylogin" time="2.822"/>
  <testcase classname="com.test.OptionalParameterAnnotaion2" name="NavigateToInfo" time="0.826"/>
  <testcase classname="com.test.OptionalParameterAnnotaion2" name="VerifyMyInfo" time="0.06"/>
</testsuite> <!-- ParameterTest2 -->
