<?xml version="1.0" encoding="UTF-8"?>
<!-- Generated by org.testng.reporters.JUnitXMLReporter -->
<testsuite ignored="0" hostname="LAPTOP-592MAVU8" failures="1" tests="2" name="TestAssert" time="26.094" errors="0" timestamp="2022-10-08T16:41:58 IST">
  <testcase classname="com.test.OrangeHRmAssertTest" name="verifyTitle" time="4.003">
    <failure type="java.lang.AssertionError" message="Title is mismatched expected [Facebook – log in or sign up] but found [Log in to Facebook]">
      <![CDATA[java.lang.AssertionError: Title is mismatched expected [Facebook – log in or sign up] but found [Log in to Facebook]
at com.test.OrangeHRmAssertTest.verifyTitle(OrangeHRmAssertTest.java:24)
at java.base/java.util.ArrayList.forEach(ArrayList.java:1511)
... Removed 32 stack frames]]>
    </failure>
  </testcase> <!-- verifyTitle -->
  <testcase classname="com.test.OrangeHRmAssertTest" name="verifyLogIn" time="22.013"/>
</testsuite> <!-- TestAssert -->
