<?xml version="1.0" encoding="UTF-8"?>
<!-- Generated by org.testng.reporters.JUnitXMLReporter -->
<testsuite ignored="0" hostname="LAPTOP-592MAVU8" failures="1" tests="1" name="TestSoftAssertion" time="17.493" errors="0" timestamp="2022-10-12T12:43:18 IST">
  <testcase classname="com.test.Softassertion" name="facebookLogin" time="17.431">
    <failure type="java.lang.AssertionError" message="The following asserts failed:
	Url is mismatched expected [https://www.facebook.com/login/3540] but found [https://www.facebook.com/login/],
	Title is mismatched expected [Logg in to Facebook] but found [Log in to Facebook]">
      <![CDATA[java.lang.AssertionError: The following asserts failed:
Url is mismatched expected [https://www.facebook.com/login/3540] but found [https://www.facebook.com/login/],
Title is mismatched expected [Logg in to Facebook] but found [Log in to Facebook]
at com.test.Softassertion.facebookLogin(Softassertion.java:52)
at java.base/java.util.ArrayList.forEach(ArrayList.java:1511)
... Removed 29 stack frames]]>
    </failure>
  </testcase> <!-- facebookLogin -->
</testsuite> <!-- TestSoftAssertion -->
