<?xml version="1.0" encoding="UTF-8"?>
<!-- Generated by org.testng.reporters.JUnitXMLReporter -->
<testsuite ignored="0" hostname="LAPTOP-592MAVU8" failures="0" tests="6" name="GroupsTest1" time="0.025" errors="0" timestamp="2022-10-19T18:05:09 IST">
  <testcase classname="groupTest.GroupTest2" name="Test10" time="0.001"/>
  <testcase classname="groupTest.GroupTest2" name="Test11" time="0.001"/>
  <testcase classname="groupTest.GroupTest2" name="Test12" time="0.001"/>
  <testcase classname="groupTest.GroupTest2" name="Test7" time="0.002"/>
  <testcase classname="groupTest.GroupTest2" name="Test8" time="0.001"/>
  <testcase classname="groupTest.GroupTest2" name="Test9" time="0.001"/>
</testsuite> <!-- GroupsTest1 -->
