<?xml version="1.0" encoding="UTF-8"?>
<!-- Generated by org.testng.reporters.JUnitXMLReporter -->
<testsuite ignored="2" hostname="LAPTOP-592MAVU8" failures="0" tests="4" name="GroupsTest2" time="0.018" errors="0" timestamp="2022-10-19T18:41:12 IST">
  <testcase classname="groupTest.GroupTest2" name="Test11" time="0.001"/>
  <testcase classname="groupTest.GroupTest2" name="Test12" time="0.001"/>
  <testcase classname="groupTest.GroupTest2" name="Test8" time="0.001"/>
  <testcase classname="groupTest.GroupTest2" name="Test9" time="0.002"/>
  <testcase classname="groupTest.GroupTest2" name="Test7" time="0.0">
    <ignored/>
  </testcase> <!-- Test7 -->
  <testcase classname="groupTest.GroupTest2" name="Test10" time="0.0">
    <ignored/>
  </testcase> <!-- Test10 -->
</testsuite> <!-- GroupsTest2 -->
