<?xml version="1.0" encoding="UTF-8"?>
<!-- Generated by org.testng.reporters.JUnitXMLReporter -->
<testsuite ignored="6" hostname="LAPTOP-592MAVU8" failures="0" tests="6" name="GroupsTest" time="0.093" errors="0" timestamp="2022-10-19T18:41:12 IST">
  <testcase classname="groupTest.GroupTest1" name="Test3" time="0.014"/>
  <testcase classname="groupTest.GroupTest1" name="Test4" time="0.002"/>
  <testcase classname="groupTest.GroupTest1" name="Test5" time="0.002"/>
  <testcase classname="groupTest.GroupTest2" name="Test11" time="0.001"/>
  <testcase classname="groupTest.GroupTest2" name="Test8" time="0.002"/>
  <testcase classname="groupTest.GroupTest2" name="Test9" time="0.001"/>
  <testcase classname="groupTest.GroupTest2" name="Test10" time="0.0">
    <ignored/>
  </testcase> <!-- Test10 -->
  <testcase classname="groupTest.GroupTest1" name="Test2" time="0.0">
    <ignored/>
  </testcase> <!-- Test2 -->
  <testcase classname="groupTest.GroupTest2" name="Test12" time="0.0">
    <ignored/>
  </testcase> <!-- Test12 -->
  <testcase classname="groupTest.GroupTest1" name="Test6" time="0.0">
    <ignored/>
  </testcase> <!-- Test6 -->
  <testcase classname="groupTest.GroupTest2" name="Test7" time="0.0">
    <ignored/>
  </testcase> <!-- Test7 -->
  <testcase classname="groupTest.GroupTest1" name="Test1" time="0.0">
    <ignored/>
  </testcase> <!-- Test1 -->
</testsuite> <!-- GroupsTest -->
